#
# A fatal error has been detected by the Java Runtime Environment:
#
#  EXCEPTION_ACCESS_VIOLATION (0xc0000005) at pc=0x000000005cde3265, pid=24076, tid=0x0000000000006b58
#
# JRE version: Java(TM) SE Runtime Environment (8.0_221-b11) (build 1.8.0_221-b11)
# Java VM: Java HotSpot(TM) 64-Bit Server VM (25.221-b11 mixed mode windows-amd64 compressed oops)
# Problematic frame:
# V  [jvm.dll+0x73265]
#
# Failed to write core dump. Minidumps are not enabled by default on client versions of Windows
#
# If you would like to submit a bug report, please visit:
#   http://bugreport.java.com/bugreport/crash.jsp
#

---------------  T H R E A D  ---------------

Current thread (0x0000000017699800):  VMThread [stack: 0x0000000019360000,0x0000000019460000] [id=27480]

siginfo: ExceptionCode=0xc0000005, reading address 0xffffffffffffffff

Registers:
RAX=0xca0000005d377b58, RBX=0x0000000002604000, RCX=0x00000000170ee370, RDX=0x000000005cde3201
RSP=0x000000001945ee38, RBP=0x000000005cde3260, RSI=0x0000000000000000, RDI=0x0000000000000000
R8 =0x000000000261e890, R9 =0x00000000027008da, R10=0x000000001945eec0, R11=0x000000001955f130
R12=0x00000000175257d8, R13=0x00000000000003d8, R14=0x0000000017525400, R15=0x00000000175257d8
RIP=0x000000005cde3265, EFLAGS=0x0000000000010246

Top of Stack: (sp=0x000000001945ee38)
0x000000001945ee38:   000000005cfb311e 00000000026fb000
0x000000001945ee48:   000000005cde3260 0000000000000028
0x000000001945ee58:   000000005ce0b36f 000000001955f140
0x000000001945ee68:   00000000027008da 0000000002700790
0x000000001945ee78:   0000000000000000 000000001955f220
0x000000001945ee88:   000000001955f140 000000001955f140
0x000000001945ee98:   00000000027008da 0000000002700790
0x000000001945eea8:   0000000000000000 000000001955f220
0x000000001945eeb8:   000000001955f140 000000001945ef10
0x000000001945eec8:   0000000000000000 0000000000000008
0x000000001945eed8:   00000000023af3d0 000000005d52b878
0x000000001945eee8:   000000005cfb30a0 0000000002604000
0x000000001945eef8:   0000000000000000 0000000000000008
0x000000001945ef08:   00000000000000d8 000000001955f130
0x000000001945ef18:   000000001955f130 0000000002700790
0x000000001945ef28:   0000000000000000 00000000023af510 

Instructions: (pc=0x000000005cde3265)
0x000000005cde3245:   24 60 48 8b 6c 24 68 48 8b 74 24 70 48 83 c4 30
0x000000005cde3255:   41 5f 41 5e 41 5d 41 5c 5f c3 cc 48 8b 01 b2 01
0x000000005cde3265:   48 ff 60 48 cc cc cc cc cc cc cc 48 8d 15 e9 ff
0x000000005cde3275:   ff ff e9 44 5b 02 00 cc cc cc cc 48 89 5c 24 08 


Register to memory mapping:

RAX=0xca0000005d377b58 is an unknown value
RBX=0x0000000002604000 is a thread
RCX=0x00000000170ee370 is pointing into metadata
RDX=0x000000005cde3201 is an unknown value
RSP=0x000000001945ee38 is an unknown value
RBP=0x000000005cde3260 is an unknown value
RSI=0x0000000000000000 is an unknown value
RDI=0x0000000000000000 is an unknown value
R8 =0x000000000261e890 is an unknown value
R9 =0x00000000027008da is at begin+179 in a stub
StubRoutines::call_stub [0x0000000002700827, 0x000000000270098b[ (356 bytes)
R10=0x000000001945eec0 is an unknown value
R11=0x000000001955f130 is pointing into the stack for thread: 0x00000000026fb000
R12=0x00000000175257d8 is an unknown value
R13=0x00000000000003d8 is an unknown value
R14=0x0000000017525400 is an unknown value
R15=0x00000000175257d8 is an unknown value


Stack: [0x0000000019360000,0x0000000019460000],  sp=0x000000001945ee38,  free space=1019k
Native frames: (J=compiled Java code, j=interpreted, Vv=VM code, C=native code)
V  [jvm.dll+0x73265]

VM_Operation (0x000000001a19f370): RedefineClasses, mode: safepoint, requested by thread 0x0000000019595800


---------------  P R O C E S S  ---------------

Java Threads: ( => current thread )
  0x00000000197f1800 JavaThread "Service Thread" daemon [_thread_blocked, id=9356, stack(0x000000001a7a0000,0x000000001a8a0000)]
  0x0000000019762800 JavaThread "C1 CompilerThread3" daemon [_thread_blocked, id=27532, stack(0x000000001a6a0000,0x000000001a7a0000)]
  0x0000000019761000 JavaThread "C2 CompilerThread2" daemon [_thread_blocked, id=14096, stack(0x000000001a5a0000,0x000000001a6a0000)]
  0x0000000019754000 JavaThread "C2 CompilerThread1" daemon [_thread_blocked, id=26420, stack(0x000000001a4a0000,0x000000001a5a0000)]
  0x0000000019753000 JavaThread "C2 CompilerThread0" daemon [_thread_blocked, id=14308, stack(0x000000001a3a0000,0x000000001a4a0000)]
  0x00000000195a4000 JavaThread "JDWP Command Reader" daemon [_thread_in_native, id=24692, stack(0x000000001a2a0000,0x000000001a3a0000)]
  0x00000000195a0800 JavaThread "JDWP Event Helper Thread" daemon [_thread_blocked, id=27620, stack(0x000000001a1a0000,0x000000001a2a0000)]
  0x0000000019595800 JavaThread "JDWP Transport Listener: dt_socket" daemon [_thread_blocked, id=27292, stack(0x000000001a0a0000,0x000000001a1a0000)]
  0x000000001958c800 JavaThread "Attach Listener" daemon [_thread_blocked, id=23204, stack(0x0000000019c60000,0x0000000019d60000)]
  0x00000000176ae800 JavaThread "Signal Dispatcher" daemon [_thread_blocked, id=24408, stack(0x0000000019b60000,0x0000000019c60000)]
  0x0000000019580800 JavaThread "Finalizer" daemon [_thread_blocked, id=18900, stack(0x0000000019960000,0x0000000019a60000)]
  0x00000000026fb000 JavaThread "Reference Handler" daemon [_thread_blocked, id=16688, stack(0x0000000019460000,0x0000000019560000)]
  0x0000000002604000 JavaThread "main" [_thread_blocked, id=26660, stack(0x00000000022b0000,0x00000000023b0000)]

Other Threads:
=>0x0000000017699800 VMThread [stack: 0x0000000019360000,0x0000000019460000] [id=27480]
  0x0000000019747800 WatcherThread [stack: 0x000000001a8a0000,0x000000001a9a0000] [id=24500]

VM state:at safepoint (normal execution)

VM Mutex/Monitor currently owned by a thread:  ([mutex/lock_event])
[0x0000000002601a50] Threads_lock - owner thread: 0x0000000017699800

heap address: 0x0000000081800000, size: 2024 MB, Compressed Oops mode: 32-bit
Narrow klass base: 0x0000000000000000, Narrow klass shift: 3
Compressed class space size: 1073741824 Address: 0x0000000100000000

Heap:
 PSYoungGen      total 38400K, used 6700K [0x00000000d5d80000, 0x00000000d8800000, 0x0000000100000000)
  eden space 33280K, 20% used [0x00000000d5d80000,0x00000000d640b1a8,0x00000000d7e00000)
  from space 5120K, 0% used [0x00000000d8300000,0x00000000d8300000,0x00000000d8800000)
  to   space 5120K, 0% used [0x00000000d7e00000,0x00000000d7e00000,0x00000000d8300000)
 ParOldGen       total 87552K, used 0K [0x0000000081800000, 0x0000000086d80000, 0x00000000d5d80000)
  object space 87552K, 0% used [0x0000000081800000,0x0000000081800000,0x0000000086d80000)
 Metaspace       used 4780K, capacity 4994K, committed 5248K, reserved 1056768K
  class space    used 513K, capacity 561K, committed 640K, reserved 1048576K

Card table byte_map: [0x0000000011ac0000,0x0000000011ec0000] byte_map_base: 0x00000000116b4000

Marking Bits: (ParMarkBitMap*) 0x000000005d595ce0
 Begin Bits: [0x0000000012970000, 0x0000000014910000)
 End Bits:   [0x0000000014910000, 0x00000000168b0000)

Polling page: 0x0000000000ae0000

CodeCache: size=245760Kb used=1386Kb max_used=1393Kb free=244373Kb
 bounds [0x0000000002700000, 0x0000000002970000, 0x0000000011700000]
 total_blobs=418 nmethods=133 adapters=206
 compilation: enabled

Compilation events (10 events):
Event: 314.675 Thread 0x0000000019762800  126       3       sun.instrument.InstrumentationImpl::transform (38 bytes)
Event: 314.675 Thread 0x0000000019762800 nmethod 126 0x00000000028593d0 code [0x0000000002859540, 0x00000000028597e8]
Event: 314.675 Thread 0x0000000019762800  128       1       sun.instrument.TransformerManager::getSnapshotTransformerList (5 bytes)
Event: 314.675 Thread 0x0000000019762800 nmethod 128 0x000000000285ae10 code [0x000000000285af60, 0x000000000285b070]
Event: 314.675 Thread 0x0000000019761000 nmethod 131 0x000000000285c8d0 code [0x000000000285ca20, 0x000000000285cb18]
Event: 420.658 Thread 0x0000000019762800  132       3       org.eclipse.jdt.launching.internal.org.objectweb.asm.ClassReader::readUtf (44 bytes)
Event: 420.659 Thread 0x0000000019762800 nmethod 132 0x000000000285a450 code [0x000000000285a5e0, 0x000000000285aa68]
Event: 420.659 Thread 0x0000000019762800  134       3       org.eclipse.jdt.launching.internal.org.objectweb.asm.ClassReader::readUTF8 (23 bytes)
Event: 420.659 Thread 0x0000000019762800 nmethod 134 0x0000000002859dd0 code [0x0000000002859f40, 0x000000000285a2a8]
Event: 420.659 Thread 0x0000000019762800  137       3       org.eclipse.jdt.launching.internal.org.objectweb.asm.SymbolTable::addConstantUtf8 (98 bytes)

GC Heap History (0 events):
No events

Deoptimization events (0 events):
No events

Classes redefined (2 events):
Event: 48.940 Thread 0x0000000017699800 redefined class name=com.qa.pack.Launch, count=1
Event: 314.697 Thread 0x0000000017699800 redefined class name=com.qa.pack.Launch, count=2

Internal exceptions (2 events):
Event: 0.160 Thread 0x0000000002604000 Exception <a 'java/lang/NoSuchMethodError': Method sun.misc.Unsafe.defineClass(Ljava/lang/String;[BII)Ljava/lang/Class; name or signature does not match> (0x00000000d5d87cb8) thrown at [C:\re\workspace\8-2-build-windows-amd64-cygwin\jdk8u221\13320\hotspot
Event: 0.160 Thread 0x0000000002604000 Exception <a 'java/lang/NoSuchMethodError': Method sun.misc.Unsafe.prefetchRead(Ljava/lang/Object;J)V name or signature does not match> (0x00000000d5d87fa0) thrown at [C:\re\workspace\8-2-build-windows-amd64-cygwin\jdk8u221\13320\hotspot\src\share\vm\prim

Events (10 events):
Event: 314.729 Executing VM operation: ChangeBreakpoints done
Event: 315.025 Executing VM operation: GetOwnedMonitorInfo
Event: 315.025 Executing VM operation: GetOwnedMonitorInfo done
Event: 315.026 Executing VM operation: GetCurrentContendedMonitor
Event: 315.026 Executing VM operation: GetCurrentContendedMonitor done
Event: 327.197 Executing VM operation: GetCurrentContendedMonitor
Event: 327.197 Executing VM operation: GetCurrentContendedMonitor done
Event: 327.198 Executing VM operation: GetOwnedMonitorInfo
Event: 327.198 Executing VM operation: GetOwnedMonitorInfo done
Event: 420.659 Executing VM operation: RedefineClasses


Dynamic libraries:
0x00007ff611e80000 - 0x00007ff611eb7000 	C:\Program Files\Java\jre1.8.0_221\bin\javaw.exe
0x00007ffafb3e0000 - 0x00007ffafb5cd000 	C:\Windows\SYSTEM32\ntdll.dll
0x00007ffaf9230000 - 0x00007ffaf92e3000 	C:\Windows\System32\KERNEL32.DLL
0x00007ffaf8010000 - 0x00007ffaf82a3000 	C:\Windows\System32\KERNELBASE.dll
0x00007ffaf9490000 - 0x00007ffaf9533000 	C:\Windows\System32\ADVAPI32.dll
0x00007ffaf8d30000 - 0x00007ffaf8dce000 	C:\Windows\System32\msvcrt.dll
0x00007ffafb1a0000 - 0x00007ffafb23e000 	C:\Windows\System32\sechost.dll
0x00007ffafb070000 - 0x00007ffafb193000 	C:\Windows\System32\RPCRT4.dll
0x00007ffaf92f0000 - 0x00007ffaf9487000 	C:\Windows\System32\USER32.dll
0x00007ffaf7d60000 - 0x00007ffaf7d80000 	C:\Windows\System32\win32u.dll
0x00007ffafb380000 - 0x00007ffafb3a9000 	C:\Windows\System32\GDI32.dll
0x00007ffaf7d80000 - 0x00007ffaf7f1a000 	C:\Windows\System32\gdi32full.dll
0x00007ffaf7f40000 - 0x00007ffaf7fe0000 	C:\Windows\System32\msvcp_win.dll
0x00007ffaf8490000 - 0x00007ffaf858c000 	C:\Windows\System32\ucrtbase.dll
0x00007ffae8d30000 - 0x00007ffae8fa9000 	C:\Windows\WinSxS\amd64_microsoft.windows.common-controls_6595b64144ccf1df_6.0.17763.168_none_05b737f6071d80ab\COMCTL32.dll
0x00007ffafacd0000 - 0x00007ffafaffd000 	C:\Windows\System32\combase.dll
0x00007ffaf8590000 - 0x00007ffaf860e000 	C:\Windows\System32\bcryptPrimitives.dll
0x00007ffaf97b0000 - 0x00007ffaf97de000 	C:\Windows\System32\IMM32.DLL
0x000000005daf0000 - 0x000000005dbc2000 	C:\Program Files\Java\jre1.8.0_221\bin\msvcr100.dll
0x000000005cd70000 - 0x000000005d615000 	C:\Program Files\Java\jre1.8.0_221\bin\server\jvm.dll
0x00007ffafb060000 - 0x00007ffafb068000 	C:\Windows\System32\PSAPI.DLL
0x00007ffae3b80000 - 0x00007ffae3b89000 	C:\Windows\SYSTEM32\WSOCK32.dll
0x00007ffaf5020000 - 0x00007ffaf5044000 	C:\Windows\SYSTEM32\WINMM.dll
0x00007ffaead00000 - 0x00007ffaead0a000 	C:\Windows\SYSTEM32\VERSION.dll
0x00007ffafb240000 - 0x00007ffafb2ad000 	C:\Windows\System32\WS2_32.dll
0x00007ffaf4ed0000 - 0x00007ffaf4efd000 	C:\Windows\SYSTEM32\winmmbase.dll
0x00007ffaf7d10000 - 0x00007ffaf7d5a000 	C:\Windows\System32\cfgmgr32.dll
0x00007ffaea260000 - 0x00007ffaea26f000 	C:\Program Files\Java\jre1.8.0_221\bin\verify.dll
0x00007ffad32e0000 - 0x00007ffad3309000 	C:\Program Files\Java\jre1.8.0_221\bin\java.dll
0x00007ffada000000 - 0x00007ffada035000 	C:\Program Files\Java\jre1.8.0_221\bin\jdwp.dll
0x00007ffae3d00000 - 0x00007ffae3d08000 	C:\Program Files\Java\jre1.8.0_221\bin\npt.dll
0x00007ffad9fd0000 - 0x00007ffad9ff3000 	C:\Program Files\Java\jre1.8.0_221\bin\instrument.dll
0x00007ffad9490000 - 0x00007ffad94a6000 	C:\Program Files\Java\jre1.8.0_221\bin\zip.dll
0x00007ffaf97e0000 - 0x00007ffafaccf000 	C:\Windows\System32\SHELL32.dll
0x00007ffaf90d0000 - 0x00007ffaf9178000 	C:\Windows\System32\shcore.dll
0x00007ffaf75c0000 - 0x00007ffaf7d0a000 	C:\Windows\System32\windows.storage.dll
0x00007ffaf7420000 - 0x00007ffaf7444000 	C:\Windows\System32\profapi.dll
0x00007ffaf7450000 - 0x00007ffaf74ad000 	C:\Windows\System32\powrprof.dll
0x00007ffafb000000 - 0x00007ffafb052000 	C:\Windows\System32\shlwapi.dll
0x00007ffaf73e0000 - 0x00007ffaf73f1000 	C:\Windows\System32\kernel.appcore.dll
0x00007ffaf7f20000 - 0x00007ffaf7f37000 	C:\Windows\System32\cryptsp.dll
0x00007ffae2d10000 - 0x00007ffae2d19000 	C:\Program Files\Java\jre1.8.0_221\bin\dt_socket.dll
0x00007ffadee20000 - 0x00007ffadee36000 	C:\Windows\system32\napinsp.dll
0x00007ffadedd0000 - 0x00007ffadedea000 	C:\Windows\system32\pnrpnsp.dll
0x00007ffaf6c10000 - 0x00007ffaf6c77000 	C:\Windows\System32\mswsock.dll
0x00007ffaf69b0000 - 0x00007ffaf6a76000 	C:\Windows\SYSTEM32\DNSAPI.dll
0x00007ffafb2b0000 - 0x00007ffafb2b8000 	C:\Windows\System32\NSI.dll
0x00007ffaf6970000 - 0x00007ffaf69ad000 	C:\Windows\SYSTEM32\IPHLPAPI.DLL
0x00007ffaded10000 - 0x00007ffaded1e000 	C:\Windows\System32\winrnr.dll
0x00007ffaf1f50000 - 0x00007ffaf1f6b000 	C:\Windows\system32\NLAapi.dll
0x00007ffaeefa0000 - 0x00007ffaeefb5000 	C:\Windows\system32\wshbth.dll
0x00007ffae8740000 - 0x00007ffae87b9000 	C:\Windows\System32\fwpuclnt.dll
0x00007ffaf7fe0000 - 0x00007ffaf8006000 	C:\Windows\System32\bcrypt.dll
0x00007ffaeacc0000 - 0x00007ffaeacca000 	C:\Windows\System32\rasadhlp.dll
0x00007ffaf5ca0000 - 0x00007ffaf5e8d000 	C:\Windows\SYSTEM32\dbghelp.dll

VM Arguments:
jvm_args: -agentlib:jdwp=transport=dt_socket,suspend=y,address=localhost:60888 -javaagent:C:\Users\Bharat Koneru\eclipse\java-2019-06\eclipse\configuration\org.eclipse.osgi\226\0\.cp\lib\javaagent-shaded.jar -Dfile.encoding=UTF-8 
java_command: com.qa.pack.Launch
java_class_path (initial): C:\Users\Bharat Koneru\eclipse-workspace\FirstMaven\target\classes;C:\Users\Bharat Koneru\.m2\repository\org\seleniumhq\selenium\selenium-java\3.141.59\selenium-java-3.141.59.jar;C:\Users\Bharat Koneru\.m2\repository\org\seleniumhq\selenium\selenium-api\3.141.59\selenium-api-3.141.59.jar;C:\Users\Bharat Koneru\.m2\repository\org\seleniumhq\selenium\selenium-chrome-driver\3.141.59\selenium-chrome-driver-3.141.59.jar;C:\Users\Bharat Koneru\.m2\repository\org\seleniumhq\selenium\selenium-edge-driver\3.141.59\selenium-edge-driver-3.141.59.jar;C:\Users\Bharat Koneru\.m2\repository\org\seleniumhq\selenium\selenium-firefox-driver\3.141.59\selenium-firefox-driver-3.141.59.jar;C:\Users\Bharat Koneru\.m2\repository\org\seleniumhq\selenium\selenium-ie-driver\3.141.59\selenium-ie-driver-3.141.59.jar;C:\Users\Bharat Koneru\.m2\repository\org\seleniumhq\selenium\selenium-opera-driver\3.141.59\selenium-opera-driver-3.141.59.jar;C:\Users\Bharat Koneru\.m2\repository\org\seleniumhq\selenium\selenium-remote-driver\3.141.59\selenium-remote-driver-3.141.59.jar;C:\Users\Bharat Koneru\.m2\repository\org\seleniumhq\selenium\selenium-safari-driver\3.141.59\selenium-safari-driver-3.141.59.jar;C:\Users\Bharat Koneru\.m2\repository\org\seleniumhq\selenium\selenium-support\3.141.59\selenium-support-3.141.59.jar;C:\Users\Bharat Koneru\.m2\repository\net\bytebuddy\byte-buddy\1.8.15\byte-buddy-1.8.15.jar;C:\Users\Bharat Koneru\.m2\repository\org\apache\commons\commons-exec\1.3\commons-exec-1.3.jar;C:\Users\Bharat Koneru\.m2\repository\com\google\guava\guava\25.0-jre\guava-25.0-jre.jar;C:\Users\Bharat Koneru\.m2\repository\com\google\code\findbugs\jsr305\1.3.9\jsr305-1.3.9.jar;C:\Users\Bharat Koneru\.m2\repository\org\checkerframework\checker-compat-qual\2.0.0\checker-compat-qual-2.0.0.jar;C:\Users\Bharat Koneru\.m2\repository\com\google\errorprone\error_prone_annotations\2.1.3\error_prone_annotations-2.1.3.jar;C:\Users\Bharat Koneru\.m2\repository\com\google\j2objc\j2
Launcher Type: SUN_STANDARD

Environment Variables:
JAVA_HOME=C:\Program Files\Java\jdk1.8.0_221
PATH=C:/Program Files/Java/jre1.8.0_221/bin/server;C:/Program Files/Java/jre1.8.0_221/bin;C:/Program Files/Java/jre1.8.0_221/lib/amd64;C:\Program Files (x86)\Common Files\Oracle\Java\javapath;C:\Program Files (x86)\Intel\Intel(R) Management Engine Components\iCLS\;C:\Program Files\Intel\Intel(R) Management Engine Components\iCLS\;C:\Windows\system32;C:\Windows;C:\Windows\System32\Wbem;C:\Windows\System32\WindowsPowerShell\v1.0\;C:\Windows\System32\OpenSSH\;C:\Program Files (x86)\Intel\Intel(R) Management Engine Components\DAL;C:\Program Files\Intel\Intel(R) Management Engine Components\DAL;C:\Program Files (x86)\Intel\Intel(R) Management Engine Components\IPT;C:\Program Files\Intel\Intel(R) Management Engine Components\IPT;C:\Program Files\Java\jdk1.8.0_221\bin;C:\Users\Bharat Koneru\AppData\Local\Microsoft\WindowsApps;;C:\Users\Bharat Koneru\Downloads;
USERNAME=Bharat Koneru
OS=Windows_NT
PROCESSOR_IDENTIFIER=Intel64 Family 6 Model 142 Stepping 10, GenuineIntel



---------------  S Y S T E M  ---------------

OS: Windows 10.0 , 64 bit Build 17763 (10.0.17763.1)

CPU:total 8 (initial active 8) (4 cores per cpu, 2 threads per core) family 6 model 142 stepping 10, cmov, cx8, fxsr, mmx, sse, sse2, sse3, ssse3, sse4.1, sse4.2, popcnt, avx, avx2, aes, clmul, erms, 3dnowpref, lzcnt, ht, tsc, tscinvbit, bmi1, bmi2, adx

Memory: 4k page, physical 8283992k(1712992k free), swap 14602540k(2848360k free)

vm_info: Java HotSpot(TM) 64-Bit Server VM (25.221-b11) for windows-amd64 JRE (1.8.0_221-b11), built on Jul  4 2019 04:39:29 by "java_re" with MS VC++ 10.0 (VS2010)

time: Fri Aug 16 14:21:52 2019
timezone: India Standard Time
elapsed time: 420 seconds (0d 0h 7m 0s)

